/*C4*/SET SCHEMA PUBLIC
CREATE TABLE IF NOT EXISTS twoots (position INT IDENTITY,id VARCHAR(36) UNIQUE NOT NULL,senderId VARCHAR(15) NOT NULL,content VARCHAR(140) NOT NULL)
/*C5*/SET SCHEMA PUBLIC
CREATE TABLE IF NOT EXISTS users (id VARCHAR(15) NOT NULL,password VARBINARY(20) NOT NULL,salt VARBINARY(16) NOT NULL,position INT NOT NULL)
CREATE TABLE IF NOT EXISTS followers (follower VARCHAR(15) NOT NULL,userToFollow VARCHAR(15) NOT NULL)
DELETE FROM USERS WHERE ID='Joe' AND PASSWORD='999ae77e6d06a9457c91615b4d7501df70bcfe51' AND SALT='fb3fb70b241f71719f6374acfc7f6500' AND POSITION=-1
DELETE FROM USERS WHERE ID='Joe' AND PASSWORD='4a3dd1e65093c925dd365588c953af9611e7d73b' AND SALT='c9035dded532ee716929e8f0dd2ca3f3' AND POSITION=15
INSERT INTO USERS VALUES('Joe','999ae77e6d06a9457c91615b4d7501df70bcfe51','fb3fb70b241f71719f6374acfc7f6500',15)
INSERT INTO USERS VALUES('Joe','4a3dd1e65093c925dd365588c953af9611e7d73b','c9035dded532ee716929e8f0dd2ca3f3',15)
COMMIT
DELETE FROM USERS WHERE ID='John' AND PASSWORD='ee3c53c41caea9041806b05ac02eb5d7d5aa8a00' AND SALT='6f8681313f1c74d18683107fa0f14eb9' AND POSITION=-1
DELETE FROM USERS WHERE ID='John' AND PASSWORD='27987b281d9bb9d4ba0c5cd5729dd5e63e11fd97' AND SALT='559c424c0eb93617c54fb1bf029fe15c' AND POSITION=16
INSERT INTO USERS VALUES('John','ee3c53c41caea9041806b05ac02eb5d7d5aa8a00','6f8681313f1c74d18683107fa0f14eb9',16)
INSERT INTO USERS VALUES('John','27987b281d9bb9d4ba0c5cd5729dd5e63e11fd97','559c424c0eb93617c54fb1bf029fe15c',16)
COMMIT
/*C4*/INSERT INTO TWOOTS VALUES(17,'43dc21ba-3730-4443-b751-d746b47f5fc2','Joe','123')
COMMIT
/*C5*/DELETE FROM USERS WHERE ID='John' AND PASSWORD='ee3c53c41caea9041806b05ac02eb5d7d5aa8a00' AND SALT='6f8681313f1c74d18683107fa0f14eb9' AND POSITION=16
DELETE FROM USERS WHERE ID='John' AND PASSWORD='27987b281d9bb9d4ba0c5cd5729dd5e63e11fd97' AND SALT='559c424c0eb93617c54fb1bf029fe15c' AND POSITION=16
INSERT INTO USERS VALUES('John','ee3c53c41caea9041806b05ac02eb5d7d5aa8a00','6f8681313f1c74d18683107fa0f14eb9',17)
INSERT INTO USERS VALUES('John','27987b281d9bb9d4ba0c5cd5729dd5e63e11fd97','559c424c0eb93617c54fb1bf029fe15c',17)
COMMIT
/*C4*/INSERT INTO TWOOTS VALUES(18,'e949442f-e5bb-41d7-8abd-6735d0e5656c','John','456')
COMMIT
/*C5*/INSERT INTO FOLLOWERS VALUES('Joe','John')
COMMIT
/*C4*/INSERT INTO TWOOTS VALUES(19,'fe30d660-eb7f-45bd-95e1-373e125e8404','John','789')
COMMIT
/*C5*/DELETE FROM USERS WHERE ID='Joe' AND PASSWORD='999ae77e6d06a9457c91615b4d7501df70bcfe51' AND SALT='fb3fb70b241f71719f6374acfc7f6500' AND POSITION=15
DELETE FROM USERS WHERE ID='Joe' AND PASSWORD='4a3dd1e65093c925dd365588c953af9611e7d73b' AND SALT='c9035dded532ee716929e8f0dd2ca3f3' AND POSITION=15
INSERT INTO USERS VALUES('Joe','999ae77e6d06a9457c91615b4d7501df70bcfe51','fb3fb70b241f71719f6374acfc7f6500',19)
INSERT INTO USERS VALUES('Joe','4a3dd1e65093c925dd365588c953af9611e7d73b','c9035dded532ee716929e8f0dd2ca3f3',19)
COMMIT
